[2024-02-15 11:26:33] local.ERROR: In order to use the Auth::routes() method, please install the laravel/ui package. {"exception":"[object] (RuntimeException(code: 0): In order to use the Auth::routes() method, please install the laravel/ui package. at C:\\Users\\Heaven\\Documents\\GitHub\\LntFinalProject_Back-End-Development_Heaven-yunata-herwanta\\BackEndFinalProject\\vendor\\laravel\\framework\\src\\Illuminate\\Support\\Facades\\Auth.php:93)
[stacktrace]
#0 C:\\Users\\Heaven\\Documents\\GitHub\\LntFinalProject_Back-End-Development_Heaven-yunata-herwanta\\BackEndFinalProject\\routes\\web.php(23): Illuminate\\Support\\Facades\\Auth::routes()
#1 C:\\Users\\Heaven\\Documents\\GitHub\\LntFinalProject_Back-End-Development_Heaven-yunata-herwanta\\BackEndFinalProject\\vendor\\laravel\\framework\\src\\Illuminate\\Routing\\RouteFileRegistrar.php(35): require('C:\\\\Users\\\\Heaven...')
#2 C:\\Users\\Heaven\\Documents\\GitHub\\LntFinalProject_Back-End-Development_Heaven-yunata-herwanta\\BackEndFinalProject\\vendor\\laravel\\framework\\src\\Illuminate\\Routing\\Router.php(503): Illuminate\\Routing\\RouteFileRegistrar->register('C:\\\\Users\\\\Heaven...')
#3 C:\\Users\\Heaven\\Documents\\GitHub\\LntFinalProject_Back-End-Development_Heaven-yunata-herwanta\\BackEndFinalProject\\vendor\\laravel\\framework\\src\\Illuminate\\Routing\\Router.php(457): Illuminate\\Routing\\Router->loadRoutes('C:\\\\Users\\\\Heaven...')
#4 C:\\Users\\Heaven\\Documents\\GitHub\\LntFinalProject_Back-End-Development_Heaven-yunata-herwanta\\BackEndFinalProject\\vendor\\laravel\\framework\\src\\Illuminate\\Routing\\RouteRegistrar.php(192): Illuminate\\Routing\\Router->group(Array, 'C:\\\\Users\\\\Heaven...')
#5 C:\\Users\\Heaven\\Documents\\GitHub\\LntFinalProject_Back-End-Development_Heaven-yunata-herwanta\\BackEndFinalProject\\app\\Providers\\RouteServiceProvider.php(37): Illuminate\\Routing\\RouteRegistrar->group('C:\\\\Users\\\\Heaven...')
#6 C:\\Users\\Heaven\\Documents\\GitHub\\LntFinalProject_Back-End-Development_Heaven-yunata-herwanta\\BackEndFinalProject\\vendor\\laravel\\framework\\src\\Illuminate\\Container\\BoundMethod.php(36): App\\Providers\\RouteServiceProvider->App\\Providers\\{closure}()
#7 C:\\Users\\Heaven\\Documents\\GitHub\\LntFinalProject_Back-End-Development_Heaven-yunata-herwanta\\BackEndFinalProject\\vendor\\laravel\\framework\\src\\Illuminate\\Container\\Util.php(41): Illuminate\\Container\\BoundMethod::Illuminate\\Container\\{closure}()
#8 C:\\Users\\Heaven\\Documents\\GitHub\\LntFinalProject_Back-End-Development_Heaven-yunata-herwanta\\BackEndFinalProject\\vendor\\laravel\\framework\\src\\Illuminate\\Container\\BoundMethod.php(81): Illuminate\\Container\\Util::unwrapIfClosure(Object(Closure))
#9 C:\\Users\\Heaven\\Documents\\GitHub\\LntFinalProject_Back-End-Development_Heaven-yunata-herwanta\\BackEndFinalProject\\vendor\\laravel\\framework\\src\\Illuminate\\Container\\BoundMethod.php(35): Illuminate\\Container\\BoundMethod::callBoundMethod(Object(Illuminate\\Foundation\\Application), Object(Closure), Object(Closure))
#10 C:\\Users\\Heaven\\Documents\\GitHub\\LntFinalProject_Back-End-Development_Heaven-yunata-herwanta\\BackEndFinalProject\\vendor\\laravel\\framework\\src\\Illuminate\\Container\\Container.php(661): Illuminate\\Container\\BoundMethod::call(Object(Illuminate\\Foundation\\Application), Object(Closure), Array, NULL)
#11 C:\\Users\\Heaven\\Documents\\GitHub\\LntFinalProject_Back-End-Development_Heaven-yunata-herwanta\\BackEndFinalProject\\vendor\\laravel\\framework\\src\\Illuminate\\Foundation\\Support\\Providers\\RouteServiceProvider.php(120): Illuminate\\Container\\Container->call(Object(Closure))
#12 C:\\Users\\Heaven\\Documents\\GitHub\\LntFinalProject_Back-End-Development_Heaven-yunata-herwanta\\BackEndFinalProject\\vendor\\laravel\\framework\\src\\Illuminate\\Foundation\\Support\\Providers\\RouteServiceProvider.php(45): Illuminate\\Foundation\\Support\\Providers\\RouteServiceProvider->loadRoutes()
#13 C:\\Users\\Heaven\\Documents\\GitHub\\LntFinalProject_Back-End-Development_Heaven-yunata-herwanta\\BackEndFinalProject\\vendor\\laravel\\framework\\src\\Illuminate\\Container\\BoundMethod.php(36): Illuminate\\Foundation\\Support\\Providers\\RouteServiceProvider->Illuminate\\Foundation\\Support\\Providers\\{closure}()
#14 C:\\Users\\Heaven\\Documents\\GitHub\\LntFinalProject_Back-End-Development_Heaven-yunata-herwanta\\BackEndFinalProject\\vendor\\laravel\\framework\\src\\Illuminate\\Container\\Util.php(41): Illuminate\\Container\\BoundMethod::Illuminate\\Container\\{closure}()
#15 C:\\Users\\Heaven\\Documents\\GitHub\\LntFinalProject_Back-End-Development_Heaven-yunata-herwanta\\BackEndFinalProject\\vendor\\laravel\\framework\\src\\Illuminate\\Container\\BoundMethod.php(81): Illuminate\\Container\\Util::unwrapIfClosure(Object(Closure))
#16 C:\\Users\\Heaven\\Documents\\GitHub\\LntFinalProject_Back-End-Development_Heaven-yunata-herwanta\\BackEndFinalProject\\vendor\\laravel\\framework\\src\\Illuminate\\Container\\BoundMethod.php(35): Illuminate\\Container\\BoundMethod::callBoundMethod(Object(Illuminate\\Foundation\\Application), Object(Closure), Object(Closure))
#17 C:\\Users\\Heaven\\Documents\\GitHub\\LntFinalProject_Back-End-Development_Heaven-yunata-herwanta\\BackEndFinalProject\\vendor\\laravel\\framework\\src\\Illuminate\\Container\\Container.php(661): Illuminate\\Container\\BoundMethod::call(Object(Illuminate\\Foundation\\Application), Object(Closure), Array, NULL)
#18 C:\\Users\\Heaven\\Documents\\GitHub\\LntFinalProject_Back-End-Development_Heaven-yunata-herwanta\\BackEndFinalProject\\vendor\\laravel\\framework\\src\\Illuminate\\Support\\ServiceProvider.php(119): Illuminate\\Container\\Container->call(Object(Closure))
#19 C:\\Users\\Heaven\\Documents\\GitHub\\LntFinalProject_Back-End-Development_Heaven-yunata-herwanta\\BackEndFinalProject\\vendor\\laravel\\framework\\src\\Illuminate\\Foundation\\Application.php(932): Illuminate\\Support\\ServiceProvider->callBootedCallbacks()
#20 C:\\Users\\Heaven\\Documents\\GitHub\\LntFinalProject_Back-End-Development_Heaven-yunata-herwanta\\BackEndFinalProject\\vendor\\laravel\\framework\\src\\Illuminate\\Foundation\\Application.php(910): Illuminate\\Foundation\\Application->bootProvider(Object(App\\Providers\\RouteServiceProvider))
#21 [internal function]: Illuminate\\Foundation\\Application->Illuminate\\Foundation\\{closure}(Object(App\\Providers\\RouteServiceProvider), 24)
#22 C:\\Users\\Heaven\\Documents\\GitHub\\LntFinalProject_Back-End-Development_Heaven-yunata-herwanta\\BackEndFinalProject\\vendor\\laravel\\framework\\src\\Illuminate\\Foundation\\Application.php(909): array_walk(Array, Object(Closure))
#23 C:\\Users\\Heaven\\Documents\\GitHub\\LntFinalProject_Back-End-Development_Heaven-yunata-herwanta\\BackEndFinalProject\\vendor\\laravel\\framework\\src\\Illuminate\\Foundation\\Bootstrap\\BootProviders.php(17): Illuminate\\Foundation\\Application->boot()
#24 C:\\Users\\Heaven\\Documents\\GitHub\\LntFinalProject_Back-End-Development_Heaven-yunata-herwanta\\BackEndFinalProject\\vendor\\laravel\\framework\\src\\Illuminate\\Foundation\\Application.php(242): Illuminate\\Foundation\\Bootstrap\\BootProviders->bootstrap(Object(Illuminate\\Foundation\\Application))
#25 C:\\Users\\Heaven\\Documents\\GitHub\\LntFinalProject_Back-End-Development_Heaven-yunata-herwanta\\BackEndFinalProject\\vendor\\laravel\\framework\\src\\Illuminate\\Foundation\\Console\\Kernel.php(383): Illuminate\\Foundation\\Application->bootstrapWith(Array)
#26 C:\\Users\\Heaven\\Documents\\GitHub\\LntFinalProject_Back-End-Development_Heaven-yunata-herwanta\\BackEndFinalProject\\vendor\\laravel\\framework\\src\\Illuminate\\Foundation\\Console\\Kernel.php(153): Illuminate\\Foundation\\Console\\Kernel->bootstrap()
#27 C:\\Users\\Heaven\\Documents\\GitHub\\LntFinalProject_Back-End-Development_Heaven-yunata-herwanta\\BackEndFinalProject\\artisan(35): Illuminate\\Foundation\\Console\\Kernel->handle(Object(Symfony\\Component\\Console\\Input\\ArgvInput), Object(Symfony\\Component\\Console\\Output\\ConsoleOutput))
#28 {main}
"} 
[2024-02-15 11:27:45] local.ERROR: In order to use the Auth::routes() method, please install the laravel/ui package. {"exception":"[object] (RuntimeException(code: 0): In order to use the Auth::routes() method, please install the laravel/ui package. at C:\\Users\\Heaven\\Documents\\GitHub\\LntFinalProject_Back-End-Development_Heaven-yunata-herwanta\\BackEndFinalProject\\vendor\\laravel\\framework\\src\\Illuminate\\Support\\Facades\\Auth.php:93)
[stacktrace]
#0 C:\\Users\\Heaven\\Documents\\GitHub\\LntFinalProject_Back-End-Development_Heaven-yunata-herwanta\\BackEndFinalProject\\routes\\web.php(23): Illuminate\\Support\\Facades\\Auth::routes()
#1 C:\\Users\\Heaven\\Documents\\GitHub\\LntFinalProject_Back-End-Development_Heaven-yunata-herwanta\\BackEndFinalProject\\vendor\\laravel\\framework\\src\\Illuminate\\Routing\\RouteFileRegistrar.php(35): require('C:\\\\Users\\\\Heaven...')
#2 C:\\Users\\Heaven\\Documents\\GitHub\\LntFinalProject_Back-End-Development_Heaven-yunata-herwanta\\BackEndFinalProject\\vendor\\laravel\\framework\\src\\Illuminate\\Routing\\Router.php(503): Illuminate\\Routing\\RouteFileRegistrar->register('C:\\\\Users\\\\Heaven...')
#3 C:\\Users\\Heaven\\Documents\\GitHub\\LntFinalProject_Back-End-Development_Heaven-yunata-herwanta\\BackEndFinalProject\\vendor\\laravel\\framework\\src\\Illuminate\\Routing\\Router.php(457): Illuminate\\Routing\\Router->loadRoutes('C:\\\\Users\\\\Heaven...')
#4 C:\\Users\\Heaven\\Documents\\GitHub\\LntFinalProject_Back-End-Development_Heaven-yunata-herwanta\\BackEndFinalProject\\vendor\\laravel\\framework\\src\\Illuminate\\Routing\\RouteRegistrar.php(192): Illuminate\\Routing\\Router->group(Array, 'C:\\\\Users\\\\Heaven...')
#5 C:\\Users\\Heaven\\Documents\\GitHub\\LntFinalProject_Back-End-Development_Heaven-yunata-herwanta\\BackEndFinalProject\\app\\Providers\\RouteServiceProvider.php(37): Illuminate\\Routing\\RouteRegistrar->group('C:\\\\Users\\\\Heaven...')
#6 C:\\Users\\Heaven\\Documents\\GitHub\\LntFinalProject_Back-End-Development_Heaven-yunata-herwanta\\BackEndFinalProject\\vendor\\laravel\\framework\\src\\Illuminate\\Container\\BoundMethod.php(36): App\\Providers\\RouteServiceProvider->App\\Providers\\{closure}()
#7 C:\\Users\\Heaven\\Documents\\GitHub\\LntFinalProject_Back-End-Development_Heaven-yunata-herwanta\\BackEndFinalProject\\vendor\\laravel\\framework\\src\\Illuminate\\Container\\Util.php(41): Illuminate\\Container\\BoundMethod::Illuminate\\Container\\{closure}()
#8 C:\\Users\\Heaven\\Documents\\GitHub\\LntFinalProject_Back-End-Development_Heaven-yunata-herwanta\\BackEndFinalProject\\vendor\\laravel\\framework\\src\\Illuminate\\Container\\BoundMethod.php(81): Illuminate\\Container\\Util::unwrapIfClosure(Object(Closure))
#9 C:\\Users\\Heaven\\Documents\\GitHub\\LntFinalProject_Back-End-Development_Heaven-yunata-herwanta\\BackEndFinalProject\\vendor\\laravel\\framework\\src\\Illuminate\\Container\\BoundMethod.php(35): Illuminate\\Container\\BoundMethod::callBoundMethod(Object(Illuminate\\Foundation\\Application), Object(Closure), Object(Closure))
#10 C:\\Users\\Heaven\\Documents\\GitHub\\LntFinalProject_Back-End-Development_Heaven-yunata-herwanta\\BackEndFinalProject\\vendor\\laravel\\framework\\src\\Illuminate\\Container\\Container.php(661): Illuminate\\Container\\BoundMethod::call(Object(Illuminate\\Foundation\\Application), Object(Closure), Array, NULL)
#11 C:\\Users\\Heaven\\Documents\\GitHub\\LntFinalProject_Back-End-Development_Heaven-yunata-herwanta\\BackEndFinalProject\\vendor\\laravel\\framework\\src\\Illuminate\\Foundation\\Support\\Providers\\RouteServiceProvider.php(120): Illuminate\\Container\\Container->call(Object(Closure))
#12 C:\\Users\\Heaven\\Documents\\GitHub\\LntFinalProject_Back-End-Development_Heaven-yunata-herwanta\\BackEndFinalProject\\vendor\\laravel\\framework\\src\\Illuminate\\Foundation\\Support\\Providers\\RouteServiceProvider.php(45): Illuminate\\Foundation\\Support\\Providers\\RouteServiceProvider->loadRoutes()
#13 C:\\Users\\Heaven\\Documents\\GitHub\\LntFinalProject_Back-End-Development_Heaven-yunata-herwanta\\BackEndFinalProject\\vendor\\laravel\\framework\\src\\Illuminate\\Container\\BoundMethod.php(36): Illuminate\\Foundation\\Support\\Providers\\RouteServiceProvider->Illuminate\\Foundation\\Support\\Providers\\{closure}()
#14 C:\\Users\\Heaven\\Documents\\GitHub\\LntFinalProject_Back-End-Development_Heaven-yunata-herwanta\\BackEndFinalProject\\vendor\\laravel\\framework\\src\\Illuminate\\Container\\Util.php(41): Illuminate\\Container\\BoundMethod::Illuminate\\Container\\{closure}()
#15 C:\\Users\\Heaven\\Documents\\GitHub\\LntFinalProject_Back-End-Development_Heaven-yunata-herwanta\\BackEndFinalProject\\vendor\\laravel\\framework\\src\\Illuminate\\Container\\BoundMethod.php(81): Illuminate\\Container\\Util::unwrapIfClosure(Object(Closure))
#16 C:\\Users\\Heaven\\Documents\\GitHub\\LntFinalProject_Back-End-Development_Heaven-yunata-herwanta\\BackEndFinalProject\\vendor\\laravel\\framework\\src\\Illuminate\\Container\\BoundMethod.php(35): Illuminate\\Container\\BoundMethod::callBoundMethod(Object(Illuminate\\Foundation\\Application), Object(Closure), Object(Closure))
#17 C:\\Users\\Heaven\\Documents\\GitHub\\LntFinalProject_Back-End-Development_Heaven-yunata-herwanta\\BackEndFinalProject\\vendor\\laravel\\framework\\src\\Illuminate\\Container\\Container.php(661): Illuminate\\Container\\BoundMethod::call(Object(Illuminate\\Foundation\\Application), Object(Closure), Array, NULL)
#18 C:\\Users\\Heaven\\Documents\\GitHub\\LntFinalProject_Back-End-Development_Heaven-yunata-herwanta\\BackEndFinalProject\\vendor\\laravel\\framework\\src\\Illuminate\\Support\\ServiceProvider.php(119): Illuminate\\Container\\Container->call(Object(Closure))
#19 C:\\Users\\Heaven\\Documents\\GitHub\\LntFinalProject_Back-End-Development_Heaven-yunata-herwanta\\BackEndFinalProject\\vendor\\laravel\\framework\\src\\Illuminate\\Foundation\\Application.php(932): Illuminate\\Support\\ServiceProvider->callBootedCallbacks()
#20 C:\\Users\\Heaven\\Documents\\GitHub\\LntFinalProject_Back-End-Development_Heaven-yunata-herwanta\\BackEndFinalProject\\vendor\\laravel\\framework\\src\\Illuminate\\Foundation\\Application.php(910): Illuminate\\Foundation\\Application->bootProvider(Object(App\\Providers\\RouteServiceProvider))
#21 [internal function]: Illuminate\\Foundation\\Application->Illuminate\\Foundation\\{closure}(Object(App\\Providers\\RouteServiceProvider), 24)
#22 C:\\Users\\Heaven\\Documents\\GitHub\\LntFinalProject_Back-End-Development_Heaven-yunata-herwanta\\BackEndFinalProject\\vendor\\laravel\\framework\\src\\Illuminate\\Foundation\\Application.php(909): array_walk(Array, Object(Closure))
#23 C:\\Users\\Heaven\\Documents\\GitHub\\LntFinalProject_Back-End-Development_Heaven-yunata-herwanta\\BackEndFinalProject\\vendor\\laravel\\framework\\src\\Illuminate\\Foundation\\Bootstrap\\BootProviders.php(17): Illuminate\\Foundation\\Application->boot()
#24 C:\\Users\\Heaven\\Documents\\GitHub\\LntFinalProject_Back-End-Development_Heaven-yunata-herwanta\\BackEndFinalProject\\vendor\\laravel\\framework\\src\\Illuminate\\Foundation\\Application.php(242): Illuminate\\Foundation\\Bootstrap\\BootProviders->bootstrap(Object(Illuminate\\Foundation\\Application))
#25 C:\\Users\\Heaven\\Documents\\GitHub\\LntFinalProject_Back-End-Development_Heaven-yunata-herwanta\\BackEndFinalProject\\vendor\\laravel\\framework\\src\\Illuminate\\Foundation\\Console\\Kernel.php(383): Illuminate\\Foundation\\Application->bootstrapWith(Array)
#26 C:\\Users\\Heaven\\Documents\\GitHub\\LntFinalProject_Back-End-Development_Heaven-yunata-herwanta\\BackEndFinalProject\\vendor\\laravel\\framework\\src\\Illuminate\\Foundation\\Console\\Kernel.php(153): Illuminate\\Foundation\\Console\\Kernel->bootstrap()
#27 C:\\Users\\Heaven\\Documents\\GitHub\\LntFinalProject_Back-End-Development_Heaven-yunata-herwanta\\BackEndFinalProject\\artisan(35): Illuminate\\Foundation\\Console\\Kernel->handle(Object(Symfony\\Component\\Console\\Input\\ArgvInput), Object(Symfony\\Component\\Console\\Output\\ConsoleOutput))
#28 {main}
"} 
[2024-02-15 11:33:09] local.ERROR: In order to use the Auth::routes() method, please install the laravel/ui package. {"exception":"[object] (RuntimeException(code: 0): In order to use the Auth::routes() method, please install the laravel/ui package. at C:\\Users\\Heaven\\Documents\\GitHub\\LntFinalProject_Back-End-Development_Heaven-yunata-herwanta\\BackEndFinalProject\\vendor\\laravel\\framework\\src\\Illuminate\\Support\\Facades\\Auth.php:93)
[stacktrace]
#0 C:\\Users\\Heaven\\Documents\\GitHub\\LntFinalProject_Back-End-Development_Heaven-yunata-herwanta\\BackEndFinalProject\\routes\\web.php(24): Illuminate\\Support\\Facades\\Auth::routes()
#1 C:\\Users\\Heaven\\Documents\\GitHub\\LntFinalProject_Back-End-Development_Heaven-yunata-herwanta\\BackEndFinalProject\\vendor\\laravel\\framework\\src\\Illuminate\\Routing\\RouteFileRegistrar.php(35): require('C:\\\\Users\\\\Heaven...')
#2 C:\\Users\\Heaven\\Documents\\GitHub\\LntFinalProject_Back-End-Development_Heaven-yunata-herwanta\\BackEndFinalProject\\vendor\\laravel\\framework\\src\\Illuminate\\Routing\\Router.php(503): Illuminate\\Routing\\RouteFileRegistrar->register('C:\\\\Users\\\\Heaven...')
#3 C:\\Users\\Heaven\\Documents\\GitHub\\LntFinalProject_Back-End-Development_Heaven-yunata-herwanta\\BackEndFinalProject\\vendor\\laravel\\framework\\src\\Illuminate\\Routing\\Router.php(457): Illuminate\\Routing\\Router->loadRoutes('C:\\\\Users\\\\Heaven...')
#4 C:\\Users\\Heaven\\Documents\\GitHub\\LntFinalProject_Back-End-Development_Heaven-yunata-herwanta\\BackEndFinalProject\\vendor\\laravel\\framework\\src\\Illuminate\\Routing\\RouteRegistrar.php(192): Illuminate\\Routing\\Router->group(Array, 'C:\\\\Users\\\\Heaven...')
#5 C:\\Users\\Heaven\\Documents\\GitHub\\LntFinalProject_Back-End-Development_Heaven-yunata-herwanta\\BackEndFinalProject\\app\\Providers\\RouteServiceProvider.php(37): Illuminate\\Routing\\RouteRegistrar->group('C:\\\\Users\\\\Heaven...')
#6 C:\\Users\\Heaven\\Documents\\GitHub\\LntFinalProject_Back-End-Development_Heaven-yunata-herwanta\\BackEndFinalProject\\vendor\\laravel\\framework\\src\\Illuminate\\Container\\BoundMethod.php(36): App\\Providers\\RouteServiceProvider->App\\Providers\\{closure}()
#7 C:\\Users\\Heaven\\Documents\\GitHub\\LntFinalProject_Back-End-Development_Heaven-yunata-herwanta\\BackEndFinalProject\\vendor\\laravel\\framework\\src\\Illuminate\\Container\\Util.php(41): Illuminate\\Container\\BoundMethod::Illuminate\\Container\\{closure}()
#8 C:\\Users\\Heaven\\Documents\\GitHub\\LntFinalProject_Back-End-Development_Heaven-yunata-herwanta\\BackEndFinalProject\\vendor\\laravel\\framework\\src\\Illuminate\\Container\\BoundMethod.php(81): Illuminate\\Container\\Util::unwrapIfClosure(Object(Closure))
#9 C:\\Users\\Heaven\\Documents\\GitHub\\LntFinalProject_Back-End-Development_Heaven-yunata-herwanta\\BackEndFinalProject\\vendor\\laravel\\framework\\src\\Illuminate\\Container\\BoundMethod.php(35): Illuminate\\Container\\BoundMethod::callBoundMethod(Object(Illuminate\\Foundation\\Application), Object(Closure), Object(Closure))
#10 C:\\Users\\Heaven\\Documents\\GitHub\\LntFinalProject_Back-End-Development_Heaven-yunata-herwanta\\BackEndFinalProject\\vendor\\laravel\\framework\\src\\Illuminate\\Container\\Container.php(661): Illuminate\\Container\\BoundMethod::call(Object(Illuminate\\Foundation\\Application), Object(Closure), Array, NULL)
#11 C:\\Users\\Heaven\\Documents\\GitHub\\LntFinalProject_Back-End-Development_Heaven-yunata-herwanta\\BackEndFinalProject\\vendor\\laravel\\framework\\src\\Illuminate\\Foundation\\Support\\Providers\\RouteServiceProvider.php(120): Illuminate\\Container\\Container->call(Object(Closure))
#12 C:\\Users\\Heaven\\Documents\\GitHub\\LntFinalProject_Back-End-Development_Heaven-yunata-herwanta\\BackEndFinalProject\\vendor\\laravel\\framework\\src\\Illuminate\\Foundation\\Support\\Providers\\RouteServiceProvider.php(45): Illuminate\\Foundation\\Support\\Providers\\RouteServiceProvider->loadRoutes()
#13 C:\\Users\\Heaven\\Documents\\GitHub\\LntFinalProject_Back-End-Development_Heaven-yunata-herwanta\\BackEndFinalProject\\vendor\\laravel\\framework\\src\\Illuminate\\Container\\BoundMethod.php(36): Illuminate\\Foundation\\Support\\Providers\\RouteServiceProvider->Illuminate\\Foundation\\Support\\Providers\\{closure}()
#14 C:\\Users\\Heaven\\Documents\\GitHub\\LntFinalProject_Back-End-Development_Heaven-yunata-herwanta\\BackEndFinalProject\\vendor\\laravel\\framework\\src\\Illuminate\\Container\\Util.php(41): Illuminate\\Container\\BoundMethod::Illuminate\\Container\\{closure}()
#15 C:\\Users\\Heaven\\Documents\\GitHub\\LntFinalProject_Back-End-Development_Heaven-yunata-herwanta\\BackEndFinalProject\\vendor\\laravel\\framework\\src\\Illuminate\\Container\\BoundMethod.php(81): Illuminate\\Container\\Util::unwrapIfClosure(Object(Closure))
#16 C:\\Users\\Heaven\\Documents\\GitHub\\LntFinalProject_Back-End-Development_Heaven-yunata-herwanta\\BackEndFinalProject\\vendor\\laravel\\framework\\src\\Illuminate\\Container\\BoundMethod.php(35): Illuminate\\Container\\BoundMethod::callBoundMethod(Object(Illuminate\\Foundation\\Application), Object(Closure), Object(Closure))
#17 C:\\Users\\Heaven\\Documents\\GitHub\\LntFinalProject_Back-End-Development_Heaven-yunata-herwanta\\BackEndFinalProject\\vendor\\laravel\\framework\\src\\Illuminate\\Container\\Container.php(661): Illuminate\\Container\\BoundMethod::call(Object(Illuminate\\Foundation\\Application), Object(Closure), Array, NULL)
#18 C:\\Users\\Heaven\\Documents\\GitHub\\LntFinalProject_Back-End-Development_Heaven-yunata-herwanta\\BackEndFinalProject\\vendor\\laravel\\framework\\src\\Illuminate\\Support\\ServiceProvider.php(119): Illuminate\\Container\\Container->call(Object(Closure))
#19 C:\\Users\\Heaven\\Documents\\GitHub\\LntFinalProject_Back-End-Development_Heaven-yunata-herwanta\\BackEndFinalProject\\vendor\\laravel\\framework\\src\\Illuminate\\Foundation\\Application.php(932): Illuminate\\Support\\ServiceProvider->callBootedCallbacks()
#20 C:\\Users\\Heaven\\Documents\\GitHub\\LntFinalProject_Back-End-Development_Heaven-yunata-herwanta\\BackEndFinalProject\\vendor\\laravel\\framework\\src\\Illuminate\\Foundation\\Application.php(910): Illuminate\\Foundation\\Application->bootProvider(Object(App\\Providers\\RouteServiceProvider))
#21 [internal function]: Illuminate\\Foundation\\Application->Illuminate\\Foundation\\{closure}(Object(App\\Providers\\RouteServiceProvider), 24)
#22 C:\\Users\\Heaven\\Documents\\GitHub\\LntFinalProject_Back-End-Development_Heaven-yunata-herwanta\\BackEndFinalProject\\vendor\\laravel\\framework\\src\\Illuminate\\Foundation\\Application.php(909): array_walk(Array, Object(Closure))
#23 C:\\Users\\Heaven\\Documents\\GitHub\\LntFinalProject_Back-End-Development_Heaven-yunata-herwanta\\BackEndFinalProject\\vendor\\laravel\\framework\\src\\Illuminate\\Foundation\\Bootstrap\\BootProviders.php(17): Illuminate\\Foundation\\Application->boot()
#24 C:\\Users\\Heaven\\Documents\\GitHub\\LntFinalProject_Back-End-Development_Heaven-yunata-herwanta\\BackEndFinalProject\\vendor\\laravel\\framework\\src\\Illuminate\\Foundation\\Application.php(242): Illuminate\\Foundation\\Bootstrap\\BootProviders->bootstrap(Object(Illuminate\\Foundation\\Application))
#25 C:\\Users\\Heaven\\Documents\\GitHub\\LntFinalProject_Back-End-Development_Heaven-yunata-herwanta\\BackEndFinalProject\\vendor\\laravel\\framework\\src\\Illuminate\\Foundation\\Console\\Kernel.php(383): Illuminate\\Foundation\\Application->bootstrapWith(Array)
#26 C:\\Users\\Heaven\\Documents\\GitHub\\LntFinalProject_Back-End-Development_Heaven-yunata-herwanta\\BackEndFinalProject\\vendor\\laravel\\framework\\src\\Illuminate\\Foundation\\Console\\Kernel.php(153): Illuminate\\Foundation\\Console\\Kernel->bootstrap()
#27 C:\\Users\\Heaven\\Documents\\GitHub\\LntFinalProject_Back-End-Development_Heaven-yunata-herwanta\\BackEndFinalProject\\artisan(35): Illuminate\\Foundation\\Console\\Kernel->handle(Object(Symfony\\Component\\Console\\Input\\ArgvInput), Object(Symfony\\Component\\Console\\Output\\ConsoleOutput))
#28 {main}
"} 
